<?xml version="1.0" encoding="UTF-8"?>
<!-- Generated by org.testng.reporters.JUnitReportReporter -->
<testsuite hostname="Sasi" failures="0" tests="2" name="TestNG_Parallel.Compatibility_parallel" time="178.606" errors="0" timestamp="2023-07-29T08:21:49 IST" skipped="0">
  <testcase classname="TestNG_Parallel.Compatibility_parallel" name="demo" time="90.498"/>
  <system-out/>
  <testcase classname="TestNG_Parallel.Compatibility_parallel" name="demo" time="88.108"/>
  <system-out/>
</testsuite> <!-- TestNG_Parallel.Compatibility_parallel -->
