<?xml version="1.0" encoding="UTF-8"?>
<!-- Generated by org.testng.reporters.JUnitReportReporter -->
<testsuite hostname="Sasi" failures="0" tests="1" name="Test_Fail.Facebook" time="90.257" errors="0" timestamp="2023-07-31T07:44:42 IST" skipped="0">
  <testcase classname="Test_Fail.Facebook" name="demo" time="90.257"/>
  <system-out/>
</testsuite> <!-- Test_Fail.Facebook -->
