<?xml version="1.0" encoding="UTF-8"?>
<!-- Generated by org.testng.reporters.JUnitReportReporter -->
<testsuite hostname="Sasi" failures="0" tests="1" name="TestNG.Invocation" time="0.009" errors="0" timestamp="2023-07-29T07:07:20 IST" skipped="0">
  <testcase classname="TestNG.Invocation" name="test2" time="0.009"/>
  <system-out/>
</testsuite> <!-- TestNG.Invocation -->
