<?xml version="1.0" encoding="UTF-8"?>
<!-- Generated by org.testng.reporters.JUnitReportReporter -->
<testsuite hostname="Sasi" failures="0" tests="3" name="TestNG.DataProvider" time="261.331" errors="0" timestamp="2023-07-29T08:54:53 IST" skipped="0">
  <testcase classname="TestNG.DataProvider" name="demo" time="86.896"/>
  <system-out/>
  <testcase classname="TestNG.DataProvider" name="demo" time="86.636"/>
  <system-out/>
  <testcase classname="TestNG.DataProvider" name="demo" time="87.799"/>
  <system-out/>
</testsuite> <!-- TestNG.DataProvider -->
