<?xml version="1.0" encoding="UTF-8"?>
<!-- Generated by org.testng.reporters.JUnitReportReporter -->
<testsuite hostname="Sasi" failures="0" tests="2" name="TestNG.TestNG_Annotation" time="14.701" errors="0" timestamp="2023-07-29T15:05:48 IST" skipped="0">
  <testcase classname="TestNG.TestNG_Annotation" name="forgetPasswordClick" time="3.487"/>
  <system-out/>
  <testcase classname="TestNG.TestNG_Annotation" name="Login" time="11.214"/>
  <system-out/>
</testsuite> <!-- TestNG.TestNG_Annotation -->
