<?xml version="1.0" encoding="UTF-8"?>
<!-- Generated by org.testng.reporters.JUnitReportReporter -->
<testsuite hostname="Sasi" failures="0" tests="1" name="Test_Fail.Amazon" time="88.107" errors="0" timestamp="2023-07-31T07:40:23 IST" skipped="0">
  <testcase classname="Test_Fail.Amazon" name="amazon" time="88.107"/>
  <system-out/>
</testsuite> <!-- Test_Fail.Amazon -->
