<?xml version="1.0" encoding="UTF-8"?>
<!-- Generated by org.testng.reporters.JUnitReportReporter -->
<testsuite hostname="Sasi" failures="0" tests="1" name="TestNG_Parallel.Amazon" time="88.891" errors="0" timestamp="2023-07-29T07:45:43 IST" skipped="0">
  <testcase classname="TestNG_Parallel.Amazon" name="amazon" time="88.891"/>
  <system-out/>
</testsuite> <!-- TestNG_Parallel.Amazon -->
