<?xml version="1.0" encoding="UTF-8"?>
<!-- Generated by org.testng.reporters.JUnitReportReporter -->
<testsuite hostname="Sasi" failures="0" tests="1" name="TestNG_Parallel.Facebook" time="88.577" errors="0" timestamp="2023-07-29T07:45:43 IST" skipped="0">
  <testcase classname="TestNG_Parallel.Facebook" name="fb" time="88.577"/>
  <system-out/>
</testsuite> <!-- TestNG_Parallel.Facebook -->
