<?xml version="1.0" encoding="UTF-8"?>
<!-- Generated by org.testng.reporters.JUnitReportReporter -->
<testsuite hostname="Sasi" failures="0" tests="4" name="TestNG.Priority_TestNg" time="0.009" errors="0" timestamp="2023-07-28T08:13:47 IST" skipped="1">
  <testcase classname="TestNG.Priority_TestNg" name="test3" time="0.008"/>
  <system-out/>
  <testcase classname="TestNG.Priority_TestNg" name="test3" time="0.001"/>
  <system-out/>
  <testcase classname="TestNG.Priority_TestNg" name="test1" time="0.000"/>
  <system-out/>
  <testcase classname="TestNG.Priority_TestNg" name="test2">
    <skipped/>
  </testcase> <!-- test2 -->
  <system-out/>
</testsuite> <!-- TestNG.Priority_TestNg -->
