<?xml version="1.0" encoding="UTF-8"?>
<!-- Generated by org.testng.reporters.JUnitReportReporter -->
<testsuite hostname="Sasi" failures="0" tests="2" name="TestNG.Invocation1" time="0.003" errors="0" timestamp="2023-07-29T07:07:20 IST" skipped="0">
  <testcase classname="TestNG.Invocation1" name="test1" time="0.002"/>
  <system-out/>
  <testcase classname="TestNG.Invocation1" name="test3" time="0.001"/>
  <system-out/>
</testsuite> <!-- TestNG.Invocation1 -->
