<?xml version="1.0" encoding="UTF-8"?>
<!-- Generated by org.testng.reporters.JUnitReportReporter -->
<testsuite hostname="Sasi" failures="0" tests="3" name="TestNG_Sequential.Test2" time="0.008" errors="0" timestamp="2023-07-29T07:29:30 IST" skipped="0">
  <testcase classname="TestNG_Sequential.Test2" name="demo3" time="0.001"/>
  <system-out/>
  <testcase classname="TestNG_Sequential.Test2" name="demo1" time="0.006"/>
  <system-out/>
  <testcase classname="TestNG_Sequential.Test2" name="demo2" time="0.001"/>
  <system-out/>
</testsuite> <!-- TestNG_Sequential.Test2 -->
